<?xml version="1.0" encoding="UTF-8"?>
<!-- Generated by org.testng.reporters.JUnitXMLReporter -->
<testsuite ignored="2" hostname="LAPTOP-1N622O79" failures="0" tests="5" name="Car Loan" time="0.136" errors="0" timestamp="2023-02-07T14:24:42 IST">
  <testcase classname="test.day3" name="MobileLoginCarLoan" time="0.006"/>
  <testcase classname="test.day3" name="MobileSignoutCarLoan" time="0.019"/>
  <testcase classname="test.day3" name="MobileSignoutCarLoan" time="0.007"/>
  <testcase classname="test.day3" name="MobileSignoutCarLoan" time="0.003"/>
  <testcase classname="test.day3" name="WebLoginCarLoan" time="0.006"/>
  <testcase classname="test.day3" name="MobileSigninCarLoan" time="0.0">
    <ignored/>
  </testcase> <!-- MobileSigninCarLoan -->
  <testcase classname="test.day3" name="APILoginCarLoan" time="0.0">
    <ignored/>
  </testcase> <!-- APILoginCarLoan -->
</testsuite> <!-- Car Loan -->
